[debug] [2023-07-18T02:03:42.291Z] ----------------------------------------------------------------------
[debug] [2023-07-18T02:03:42.293Z] Command:       C:\Program Files\nodejs\node.exe C:\Users\stere\AppData\Roaming\npm\node_modules\firebase-tools\lib\bin\firebase.js init
[debug] [2023-07-18T02:03:42.294Z] CLI Version:   12.4.0
[debug] [2023-07-18T02:03:42.294Z] Platform:      win32
[debug] [2023-07-18T02:03:42.294Z] Node Version:  v18.16.0
[debug] [2023-07-18T02:03:42.295Z] Time:          Mon Jul 17 2023 23:03:42 GMT-0300 (Argentina Standard Time)
[debug] [2023-07-18T02:03:42.295Z] ----------------------------------------------------------------------
[debug] 
[debug] [2023-07-18T02:03:42.378Z] > command requires scopes: ["email","openid","https://www.googleapis.com/auth/cloudplatformprojects.readonly","https://www.googleapis.com/auth/firebase","https://www.googleapis.com/auth/cloud-platform"]
[debug] [2023-07-18T02:03:42.379Z] > authorizing via signed-in user (stereoheart485@gmail.com)
[info] 
     ######## #### ########  ######## ########     ###     ######  ########
     ##        ##  ##     ## ##       ##     ##  ##   ##  ##       ##
     ######    ##  ########  ######   ########  #########  ######  ######
     ##        ##  ##    ##  ##       ##     ## ##     ##       ## ##
     ##       #### ##     ## ######## ########  ##     ##  ######  ########

You're about to initialize a Firebase project in this directory:

  D:\Portfolio Web Developer Arg Programa\source\Portfolio-FrontEnd-Final\portfolioFrontEndAngular

Before we get started, keep in mind:

  * You are initializing within an existing Firebase project directory

[info] 
=== Project Setup
[info] 
[info] First, let's associate this project directory with a Firebase project.
[info] You can create multiple project aliases by running firebase use --add, 
[info] but for now we'll just set up a default project.
[info] 
[debug] [2023-07-18T02:03:50.568Z] Using project from CLI flag: portfolioalancoelho
[debug] [2023-07-18T02:03:50.572Z] >>> [apiv2][query] GET https://firebase.googleapis.com/v1beta1/projects/portfolioalancoelho [none]
[debug] [2023-07-18T02:03:50.852Z] <<< [apiv2][status] GET https://firebase.googleapis.com/v1beta1/projects/portfolioalancoelho 403
[debug] [2023-07-18T02:03:50.852Z] <<< [apiv2][body] GET https://firebase.googleapis.com/v1beta1/projects/portfolioalancoelho {"error":{"code":403,"message":"The caller does not have permission","status":"PERMISSION_DENIED"}}
[debug] [2023-07-18T02:03:50.853Z] HTTP Error: 403, The caller does not have permission
[debug] [2023-07-18T02:03:50.930Z] FirebaseError: HTTP Error: 403, The caller does not have permission
    at responseToError (C:\Users\stere\AppData\Roaming\npm\node_modules\firebase-tools\lib\responseToError.js:49:12)
    at RetryOperation._fn (C:\Users\stere\AppData\Roaming\npm\node_modules\firebase-tools\lib\apiv2.js:288:77)
    at process.processTicksAndRejections (node:internal/process/task_queues:95:5)
[error] 
[error] Error: Failed to get Firebase project portfolioalancoelho. Please make sure the project exists and your account has permission to access it.
[debug] [2023-07-18T02:07:09.181Z] ----------------------------------------------------------------------
[debug] [2023-07-18T02:07:09.183Z] Command:       C:\Program Files\nodejs\node.exe C:\Users\stere\AppData\Roaming\npm\node_modules\firebase-tools\lib\bin\firebase.js deploy
[debug] [2023-07-18T02:07:09.183Z] CLI Version:   12.4.0
[debug] [2023-07-18T02:07:09.184Z] Platform:      win32
[debug] [2023-07-18T02:07:09.184Z] Node Version:  v18.16.0
[debug] [2023-07-18T02:07:09.185Z] Time:          Mon Jul 17 2023 23:07:09 GMT-0300 (Argentina Standard Time)
[debug] [2023-07-18T02:07:09.185Z] ----------------------------------------------------------------------
[debug] 
[debug] [2023-07-18T02:07:09.272Z] > command requires scopes: ["email","openid","https://www.googleapis.com/auth/cloudplatformprojects.readonly","https://www.googleapis.com/auth/firebase","https://www.googleapis.com/auth/cloud-platform"]
[debug] [2023-07-18T02:07:09.273Z] > authorizing via signed-in user (stereoheart485@gmail.com)
[debug] [2023-07-18T02:07:09.273Z] [iam] checking project portfolioalancoelho for permissions ["firebase.projects.get","firebasehosting.sites.update"]
[debug] [2023-07-18T02:07:09.276Z] >>> [apiv2][query] POST https://cloudresourcemanager.googleapis.com/v1/projects/portfolioalancoelho:testIamPermissions [none]
[debug] [2023-07-18T02:07:09.277Z] >>> [apiv2][(partial)header] POST https://cloudresourcemanager.googleapis.com/v1/projects/portfolioalancoelho:testIamPermissions x-goog-quota-user=projects/portfolioalancoelho
[debug] [2023-07-18T02:07:09.277Z] >>> [apiv2][body] POST https://cloudresourcemanager.googleapis.com/v1/projects/portfolioalancoelho:testIamPermissions {"permissions":["firebase.projects.get","firebasehosting.sites.update"]}
[debug] [2023-07-18T02:07:10.354Z] <<< [apiv2][status] POST https://cloudresourcemanager.googleapis.com/v1/projects/portfolioalancoelho:testIamPermissions 200
[debug] [2023-07-18T02:07:10.354Z] <<< [apiv2][body] POST https://cloudresourcemanager.googleapis.com/v1/projects/portfolioalancoelho:testIamPermissions {}
[debug] [2023-07-18T02:07:10.355Z] [iam] error while checking permissions, command may fail: FirebaseError: Authorization failed. This account is missing the following required permissions on project portfolioalancoelho:

  firebase.projects.get
  firebasehosting.sites.update
[debug] [2023-07-18T02:07:10.356Z] >>> [apiv2][query] GET https://firebase.googleapis.com/v1beta1/projects/portfolioalancoelho [none]
[debug] [2023-07-18T02:07:10.854Z] <<< [apiv2][status] GET https://firebase.googleapis.com/v1beta1/projects/portfolioalancoelho 403
[debug] [2023-07-18T02:07:10.855Z] <<< [apiv2][body] GET https://firebase.googleapis.com/v1beta1/projects/portfolioalancoelho {"error":{"code":403,"message":"The caller does not have permission","status":"PERMISSION_DENIED"}}
[debug] [2023-07-18T02:07:10.856Z] HTTP Error: 403, The caller does not have permission
[debug] [2023-07-18T02:07:10.947Z] FirebaseError: HTTP Error: 403, The caller does not have permission
    at responseToError (C:\Users\stere\AppData\Roaming\npm\node_modules\firebase-tools\lib\responseToError.js:49:12)
    at RetryOperation._fn (C:\Users\stere\AppData\Roaming\npm\node_modules\firebase-tools\lib\apiv2.js:288:77)
    at process.processTicksAndRejections (node:internal/process/task_queues:95:5)
[error] 
[error] Error: Failed to get Firebase project portfolioalancoelho. Please make sure the project exists and your account has permission to access it.
[debug] [2023-07-18T02:09:04.122Z] ----------------------------------------------------------------------
[debug] [2023-07-18T02:09:04.124Z] Command:       C:\Program Files\nodejs\node.exe C:\Users\stere\AppData\Roaming\npm\node_modules\firebase-tools\lib\bin\firebase.js deploy
[debug] [2023-07-18T02:09:04.124Z] CLI Version:   12.4.0
[debug] [2023-07-18T02:09:04.125Z] Platform:      win32
[debug] [2023-07-18T02:09:04.125Z] Node Version:  v18.16.0
[debug] [2023-07-18T02:09:04.126Z] Time:          Mon Jul 17 2023 23:09:04 GMT-0300 (Argentina Standard Time)
[debug] [2023-07-18T02:09:04.126Z] ----------------------------------------------------------------------
[debug] 
[debug] [2023-07-18T02:09:04.216Z] > command requires scopes: ["email","openid","https://www.googleapis.com/auth/cloudplatformprojects.readonly","https://www.googleapis.com/auth/firebase","https://www.googleapis.com/auth/cloud-platform"]
[debug] [2023-07-18T02:09:04.216Z] > authorizing via signed-in user (stereoheart485@gmail.com)
[debug] [2023-07-18T02:09:04.217Z] [iam] checking project portfolioalancoelho for permissions ["firebase.projects.get","firebasehosting.sites.update"]
[debug] [2023-07-18T02:09:04.219Z] >>> [apiv2][query] POST https://cloudresourcemanager.googleapis.com/v1/projects/portfolioalancoelho:testIamPermissions [none]
[debug] [2023-07-18T02:09:04.219Z] >>> [apiv2][(partial)header] POST https://cloudresourcemanager.googleapis.com/v1/projects/portfolioalancoelho:testIamPermissions x-goog-quota-user=projects/portfolioalancoelho
[debug] [2023-07-18T02:09:04.220Z] >>> [apiv2][body] POST https://cloudresourcemanager.googleapis.com/v1/projects/portfolioalancoelho:testIamPermissions {"permissions":["firebase.projects.get","firebasehosting.sites.update"]}
[debug] [2023-07-18T02:09:05.253Z] <<< [apiv2][status] POST https://cloudresourcemanager.googleapis.com/v1/projects/portfolioalancoelho:testIamPermissions 200
[debug] [2023-07-18T02:09:05.253Z] <<< [apiv2][body] POST https://cloudresourcemanager.googleapis.com/v1/projects/portfolioalancoelho:testIamPermissions {}
[debug] [2023-07-18T02:09:05.253Z] [iam] error while checking permissions, command may fail: FirebaseError: Authorization failed. This account is missing the following required permissions on project portfolioalancoelho:

  firebase.projects.get
  firebasehosting.sites.update
[debug] [2023-07-18T02:09:05.255Z] >>> [apiv2][query] GET https://firebase.googleapis.com/v1beta1/projects/portfolioalancoelho [none]
[debug] [2023-07-18T02:09:05.737Z] <<< [apiv2][status] GET https://firebase.googleapis.com/v1beta1/projects/portfolioalancoelho 403
[debug] [2023-07-18T02:09:05.737Z] <<< [apiv2][body] GET https://firebase.googleapis.com/v1beta1/projects/portfolioalancoelho {"error":{"code":403,"message":"The caller does not have permission","status":"PERMISSION_DENIED"}}
[debug] [2023-07-18T02:09:05.738Z] HTTP Error: 403, The caller does not have permission
[debug] [2023-07-18T02:09:05.814Z] FirebaseError: HTTP Error: 403, The caller does not have permission
    at responseToError (C:\Users\stere\AppData\Roaming\npm\node_modules\firebase-tools\lib\responseToError.js:49:12)
    at RetryOperation._fn (C:\Users\stere\AppData\Roaming\npm\node_modules\firebase-tools\lib\apiv2.js:288:77)
    at process.processTicksAndRejections (node:internal/process/task_queues:95:5)
[error] 
[error] Error: Failed to get Firebase project portfolioalancoelho. Please make sure the project exists and your account has permission to access it.
[debug] [2023-07-18T02:09:12.473Z] ----------------------------------------------------------------------
[debug] [2023-07-18T02:09:12.475Z] Command:       C:\Program Files\nodejs\node.exe C:\Users\stere\AppData\Roaming\npm\node_modules\firebase-tools\lib\bin\firebase.js init
[debug] [2023-07-18T02:09:12.476Z] CLI Version:   12.4.0
[debug] [2023-07-18T02:09:12.476Z] Platform:      win32
[debug] [2023-07-18T02:09:12.476Z] Node Version:  v18.16.0
[debug] [2023-07-18T02:09:12.477Z] Time:          Mon Jul 17 2023 23:09:12 GMT-0300 (Argentina Standard Time)
[debug] [2023-07-18T02:09:12.478Z] ----------------------------------------------------------------------
[debug] 
[debug] [2023-07-18T02:09:12.565Z] > command requires scopes: ["email","openid","https://www.googleapis.com/auth/cloudplatformprojects.readonly","https://www.googleapis.com/auth/firebase","https://www.googleapis.com/auth/cloud-platform"]
[debug] [2023-07-18T02:09:12.566Z] > authorizing via signed-in user (stereoheart485@gmail.com)
[info] 
     ######## #### ########  ######## ########     ###     ######  ########
     ##        ##  ##     ## ##       ##     ##  ##   ##  ##       ##
     ######    ##  ########  ######   ########  #########  ######  ######
     ##        ##  ##    ##  ##       ##     ## ##     ##       ## ##
     ##       #### ##     ## ######## ########  ##     ##  ######  ########

You're about to initialize a Firebase project in this directory:

  D:\Portfolio Web Developer Arg Programa\source\Portfolio-FrontEnd-Final\portfolioFrontEndAngular

Before we get started, keep in mind:

  * You are initializing within an existing Firebase project directory

[info] 
=== Project Setup
[info] 
[info] First, let's associate this project directory with a Firebase project.
[info] You can create multiple project aliases by running firebase use --add, 
[info] but for now we'll just set up a default project.
[info] 
[debug] [2023-07-18T02:09:19.559Z] Using project from CLI flag: portfolioalancoelho
[debug] [2023-07-18T02:09:19.563Z] >>> [apiv2][query] GET https://firebase.googleapis.com/v1beta1/projects/portfolioalancoelho [none]
[debug] [2023-07-18T02:09:20.047Z] <<< [apiv2][status] GET https://firebase.googleapis.com/v1beta1/projects/portfolioalancoelho 403
[debug] [2023-07-18T02:09:20.047Z] <<< [apiv2][body] GET https://firebase.googleapis.com/v1beta1/projects/portfolioalancoelho {"error":{"code":403,"message":"The caller does not have permission","status":"PERMISSION_DENIED"}}
[debug] [2023-07-18T02:09:20.048Z] HTTP Error: 403, The caller does not have permission
[debug] [2023-07-18T02:09:20.124Z] FirebaseError: HTTP Error: 403, The caller does not have permission
    at responseToError (C:\Users\stere\AppData\Roaming\npm\node_modules\firebase-tools\lib\responseToError.js:49:12)
    at RetryOperation._fn (C:\Users\stere\AppData\Roaming\npm\node_modules\firebase-tools\lib\apiv2.js:288:77)
    at process.processTicksAndRejections (node:internal/process/task_queues:95:5)
[error] 
[error] Error: Failed to get Firebase project portfolioalancoelho. Please make sure the project exists and your account has permission to access it.
[debug] [2023-07-18T02:10:47.850Z] ----------------------------------------------------------------------
[debug] [2023-07-18T02:10:47.852Z] Command:       C:\Program Files\nodejs\node.exe C:\Users\stere\AppData\Roaming\npm\node_modules\firebase-tools\lib\bin\firebase.js deploy
[debug] [2023-07-18T02:10:47.853Z] CLI Version:   12.4.0
[debug] [2023-07-18T02:10:47.853Z] Platform:      win32
[debug] [2023-07-18T02:10:47.853Z] Node Version:  v18.16.0
[debug] [2023-07-18T02:10:47.854Z] Time:          Mon Jul 17 2023 23:10:47 GMT-0300 (Argentina Standard Time)
[debug] [2023-07-18T02:10:47.854Z] ----------------------------------------------------------------------
[debug] 
[debug] [2023-07-18T02:10:47.956Z] > command requires scopes: ["email","openid","https://www.googleapis.com/auth/cloudplatformprojects.readonly","https://www.googleapis.com/auth/firebase","https://www.googleapis.com/auth/cloud-platform"]
[debug] [2023-07-18T02:10:47.956Z] > authorizing via signed-in user (stereoheart485@gmail.com)
[debug] [2023-07-18T02:10:47.956Z] [iam] checking project portfolioalancoelho for permissions ["firebase.projects.get","firebasehosting.sites.update"]
[debug] [2023-07-18T02:10:47.959Z] >>> [apiv2][query] POST https://cloudresourcemanager.googleapis.com/v1/projects/portfolioalancoelho:testIamPermissions [none]
[debug] [2023-07-18T02:10:47.959Z] >>> [apiv2][(partial)header] POST https://cloudresourcemanager.googleapis.com/v1/projects/portfolioalancoelho:testIamPermissions x-goog-quota-user=projects/portfolioalancoelho
[debug] [2023-07-18T02:10:47.960Z] >>> [apiv2][body] POST https://cloudresourcemanager.googleapis.com/v1/projects/portfolioalancoelho:testIamPermissions {"permissions":["firebase.projects.get","firebasehosting.sites.update"]}
[debug] [2023-07-18T02:10:49.069Z] <<< [apiv2][status] POST https://cloudresourcemanager.googleapis.com/v1/projects/portfolioalancoelho:testIamPermissions 200
[debug] [2023-07-18T02:10:49.070Z] <<< [apiv2][body] POST https://cloudresourcemanager.googleapis.com/v1/projects/portfolioalancoelho:testIamPermissions {}
[debug] [2023-07-18T02:10:49.070Z] [iam] error while checking permissions, command may fail: FirebaseError: Authorization failed. This account is missing the following required permissions on project portfolioalancoelho:

  firebase.projects.get
  firebasehosting.sites.update
[debug] [2023-07-18T02:10:49.071Z] >>> [apiv2][query] GET https://firebase.googleapis.com/v1beta1/projects/portfolioalancoelho [none]
[debug] [2023-07-18T02:10:49.546Z] <<< [apiv2][status] GET https://firebase.googleapis.com/v1beta1/projects/portfolioalancoelho 403
[debug] [2023-07-18T02:10:49.546Z] <<< [apiv2][body] GET https://firebase.googleapis.com/v1beta1/projects/portfolioalancoelho {"error":{"code":403,"message":"The caller does not have permission","status":"PERMISSION_DENIED"}}
[debug] [2023-07-18T02:10:49.547Z] HTTP Error: 403, The caller does not have permission
[debug] [2023-07-18T02:10:49.646Z] FirebaseError: HTTP Error: 403, The caller does not have permission
    at responseToError (C:\Users\stere\AppData\Roaming\npm\node_modules\firebase-tools\lib\responseToError.js:49:12)
    at RetryOperation._fn (C:\Users\stere\AppData\Roaming\npm\node_modules\firebase-tools\lib\apiv2.js:288:77)
    at process.processTicksAndRejections (node:internal/process/task_queues:95:5)
[error] 
[error] Error: Failed to get Firebase project portfolioalancoelho. Please make sure the project exists and your account has permission to access it.
[debug] [2023-07-18T22:58:17.322Z] ----------------------------------------------------------------------
[debug] [2023-07-18T22:58:17.324Z] Command:       C:\Program Files\nodejs\node.exe C:\Users\stere\AppData\Roaming\npm\node_modules\firebase-tools\lib\bin\firebase.js deploy
[debug] [2023-07-18T22:58:17.325Z] CLI Version:   12.4.0
[debug] [2023-07-18T22:58:17.325Z] Platform:      win32
[debug] [2023-07-18T22:58:17.325Z] Node Version:  v18.16.0
[debug] [2023-07-18T22:58:17.336Z] Time:          Tue Jul 18 2023 19:58:17 GMT-0300 (Argentina Standard Time)
[debug] [2023-07-18T22:58:17.336Z] ----------------------------------------------------------------------
[debug] 
[debug] [2023-07-18T22:58:17.448Z] > command requires scopes: ["email","openid","https://www.googleapis.com/auth/cloudplatformprojects.readonly","https://www.googleapis.com/auth/firebase","https://www.googleapis.com/auth/cloud-platform"]
[debug] [2023-07-18T22:58:17.449Z] > authorizing via signed-in user (stereoheart485@gmail.com)
[debug] [2023-07-18T22:58:17.449Z] [iam] checking project portfolioalancoelho for permissions ["firebase.projects.get","firebasehosting.sites.update"]
[debug] [2023-07-18T22:58:17.452Z] > refreshing access token with scopes: []
[debug] [2023-07-18T22:58:17.455Z] >>> [apiv2][query] POST https://www.googleapis.com/oauth2/v3/token [none]
[debug] [2023-07-18T22:58:17.455Z] >>> [apiv2][body] POST https://www.googleapis.com/oauth2/v3/token [omitted]
[debug] [2023-07-18T22:58:17.692Z] <<< [apiv2][status] POST https://www.googleapis.com/oauth2/v3/token 200
[debug] [2023-07-18T22:58:17.693Z] <<< [apiv2][body] POST https://www.googleapis.com/oauth2/v3/token [omitted]
[debug] [2023-07-18T22:58:17.706Z] >>> [apiv2][query] POST https://cloudresourcemanager.googleapis.com/v1/projects/portfolioalancoelho:testIamPermissions [none]
[debug] [2023-07-18T22:58:17.706Z] >>> [apiv2][(partial)header] POST https://cloudresourcemanager.googleapis.com/v1/projects/portfolioalancoelho:testIamPermissions x-goog-quota-user=projects/portfolioalancoelho
[debug] [2023-07-18T22:58:17.706Z] >>> [apiv2][body] POST https://cloudresourcemanager.googleapis.com/v1/projects/portfolioalancoelho:testIamPermissions {"permissions":["firebase.projects.get","firebasehosting.sites.update"]}
[debug] [2023-07-18T22:58:18.776Z] <<< [apiv2][status] POST https://cloudresourcemanager.googleapis.com/v1/projects/portfolioalancoelho:testIamPermissions 200
[debug] [2023-07-18T22:58:18.776Z] <<< [apiv2][body] POST https://cloudresourcemanager.googleapis.com/v1/projects/portfolioalancoelho:testIamPermissions {}
[debug] [2023-07-18T22:58:18.776Z] [iam] error while checking permissions, command may fail: FirebaseError: Authorization failed. This account is missing the following required permissions on project portfolioalancoelho:

  firebase.projects.get
  firebasehosting.sites.update
[debug] [2023-07-18T22:58:18.777Z] >>> [apiv2][query] GET https://firebase.googleapis.com/v1beta1/projects/portfolioalancoelho [none]
[debug] [2023-07-18T22:58:19.275Z] <<< [apiv2][status] GET https://firebase.googleapis.com/v1beta1/projects/portfolioalancoelho 403
[debug] [2023-07-18T22:58:19.275Z] <<< [apiv2][body] GET https://firebase.googleapis.com/v1beta1/projects/portfolioalancoelho {"error":{"code":403,"message":"The caller does not have permission","status":"PERMISSION_DENIED"}}
[debug] [2023-07-18T22:58:19.276Z] HTTP Error: 403, The caller does not have permission
[debug] [2023-07-18T22:58:19.368Z] FirebaseError: HTTP Error: 403, The caller does not have permission
    at responseToError (C:\Users\stere\AppData\Roaming\npm\node_modules\firebase-tools\lib\responseToError.js:49:12)
    at RetryOperation._fn (C:\Users\stere\AppData\Roaming\npm\node_modules\firebase-tools\lib\apiv2.js:288:77)
    at process.processTicksAndRejections (node:internal/process/task_queues:95:5)
[error] 
[error] Error: Failed to get Firebase project portfolioalancoelho. Please make sure the project exists and your account has permission to access it.
